GROUP,PACKAGE,CLASS,INSTRUCTION_MISSED,INSTRUCTION_COVERED,BRANCH_MISSED,BRANCH_COVERED,LINE_MISSED,LINE_COVERED,COMPLEXITY_MISSED,COMPLEXITY_COVERED,METHOD_MISSED,METHOD_COVERED
patientNote,com.mediscreen.patientNote.service,NoteServiceImpl,0,157,1,9,0,32,1,10,0,6
patientNote,com.mediscreen.patientNote.model,Appointment,0,60,0,0,0,9,0,13,0,13
patientNote,com.mediscreen.patientNote.model,Appointment.AppointmentBuilder,12,42,0,0,0,1,1,7,1,7
patientNote,com.mediscreen.patientNote.exceptions,AppointmentNotFoundException,0,4,0,0,0,2,0,1,0,1
patientNote,com.mediscreen.patientNote.config,SwaggerConfig,15,0,0,0,6,0,2,0,2,0
patientNote,com.mediscreen.patientNote.controller,NoteController,16,44,0,0,4,11,0,5,0,5
patientNote,com.mediscreen.patientNote,PatientNoteApplication,5,3,0,0,2,1,1,1,1,1
